  PixelEngine.cpp
C:\opencv\build\include\opencv2\core.hpp(1,1): warning C4819: 현재 코드 페이지(949)에서 표시할 수 없는 문자가 파일에 들어 있습니다. 데이터가 손실되지 않게 하려면 해당 파일을 유니코드 형식으로 저장하십시오.
  (소스 파일 'PixelEngine.cpp'을(를) 컴파일하는 중)
  
C:\opencv\build\include\opencv2\core.hpp(1,1): warning C4819: 현재 코드 페이지(949)에서 표시할 수 없는 문자가 파일에 들어 있습니다. 데이터가 손실되지 않게 하려면 해당 파일을 유니코드 형식으로 저장하십시오.
  (소스 파일 'PixelEngine.cpp'을(를) 컴파일하는 중)
  
C:\opencv\build\include\opencv2\core.hpp(1,1): warning C4819: 현재 코드 페이지(949)에서 표시할 수 없는 문자가 파일에 들어 있습니다. 데이터가 손실되지 않게 하려면 해당 파일을 유니코드 형식으로 저장하십시오.
  (소스 파일 'PixelEngine.cpp'을(를) 컴파일하는 중)
  
C:\opencv\build\include\opencv2\imgcodecs.hpp(1,1): warning C4819: 현재 코드 페이지(949)에서 표시할 수 없는 문자가 파일에 들어 있습니다. 데이터가 손실되지 않게 하려면 해당 파일을 유니코드 형식으로 저장하십시오.
  (소스 파일 'PixelEngine.cpp'을(를) 컴파일하는 중)
  
C:\Users\user\Desktop\ImageToDot\ImageToDot\PixelEngine.cpp(177,118): warning C4244: '인수': '_Ty'에서 'BYTE'(으)로 변환하면서 데이터가 손실될 수 있습니다.
C:\Users\user\Desktop\ImageToDot\ImageToDot\PixelEngine.cpp(177,118): warning C4244:         with
C:\Users\user\Desktop\ImageToDot\ImageToDot\PixelEngine.cpp(177,118): warning C4244:         [
C:\Users\user\Desktop\ImageToDot\ImageToDot\PixelEngine.cpp(177,118): warning C4244:             _Ty=long
C:\Users\user\Desktop\ImageToDot\ImageToDot\PixelEngine.cpp(177,118): warning C4244:         ]
C:\Users\user\Desktop\ImageToDot\ImageToDot\PixelEngine.cpp(177,97): warning C4244: '인수': '_Ty'에서 'BYTE'(으)로 변환하면서 데이터가 손실될 수 있습니다.
C:\Users\user\Desktop\ImageToDot\ImageToDot\PixelEngine.cpp(177,97): warning C4244:         with
C:\Users\user\Desktop\ImageToDot\ImageToDot\PixelEngine.cpp(177,97): warning C4244:         [
C:\Users\user\Desktop\ImageToDot\ImageToDot\PixelEngine.cpp(177,97): warning C4244:             _Ty=long
C:\Users\user\Desktop\ImageToDot\ImageToDot\PixelEngine.cpp(177,97): warning C4244:         ]
C:\Users\user\Desktop\ImageToDot\ImageToDot\PixelEngine.cpp(177,76): warning C4244: '인수': '_Ty'에서 'BYTE'(으)로 변환하면서 데이터가 손실될 수 있습니다.
C:\Users\user\Desktop\ImageToDot\ImageToDot\PixelEngine.cpp(177,76): warning C4244:         with
C:\Users\user\Desktop\ImageToDot\ImageToDot\PixelEngine.cpp(177,76): warning C4244:         [
C:\Users\user\Desktop\ImageToDot\ImageToDot\PixelEngine.cpp(177,76): warning C4244:             _Ty=long
C:\Users\user\Desktop\ImageToDot\ImageToDot\PixelEngine.cpp(177,76): warning C4244:         ]
C:\Users\user\Desktop\ImageToDot\ImageToDot\PixelEngine.cpp(210,140): warning C4267: '인수': 'size_t'에서 'int'(으)로 변환하면서 데이터가 손실될 수 있습니다.
C:\Users\user\Desktop\ImageToDot\ImageToDot\PixelEngine.cpp(235,139): warning C4267: '인수': 'size_t'에서 'int'(으)로 변환하면서 데이터가 손실될 수 있습니다.
C:\Users\user\Desktop\ImageToDot\ImageToDot\PixelEngine.cpp(302,60): warning C4267: '인수': 'size_t'에서 'int'(으)로 변환하면서 데이터가 손실될 수 있습니다.
  ImageToDot.vcxproj -> C:\Users\user\Desktop\ImageToDot\x64\Debug\ImageToDot.exe
